# JRE version: Java(TM) SE Runtime Environment 18.9 (11.0.18+9) (build 11.0.18+9-LTS-195)
# Java VM: Java HotSpot(TM) 64-Bit Server VM 18.9 (11.0.18+9-LTS-195, mixed mode, tiered, compressed oops, g1 gc, windows-amd64)
Heap:
 garbage-first heap   total 129024K, used 52074K [0x0000000080000000, 0x0000000100000000)
  region size 1024K, 36 young (36864K), 7 survivors (7168K)
 Metaspace       used 37413K, capacity 38259K, committed 38428K, reserved 550912K
  class space    used 4833K, capacity 5192K, committed 5272K, reserved 516096K
GC Heap History (10 events):
Event: 2.361 GC heap before
{Heap before GC invocations=0 (full 0):
 garbage-first heap   total 129024K, used 27648K [0x0000000080000000, 0x0000000100000000)
  region size 1024K, 24 young (24576K), 0 survivors (0K)
 Metaspace       used 9591K, capacity 9759K, committed 9856K, reserved 526336K
  class space    used 996K, capacity 1069K, committed 1152K, reserved 516096K
}
Event: 2.370 GC heap after
{Heap after GC invocations=1 (full 0):
 garbage-first heap   total 129024K, used 10809K [0x0000000080000000, 0x0000000100000000)
  region size 1024K, 3 young (3072K), 3 survivors (3072K)
 Metaspace       used 9591K, capacity 9759K, committed 9856K, reserved 526336K
  class space    used 996K, capacity 1069K, committed 1152K, reserved 516096K
}
Event: 18.118 GC heap before
{Heap before GC invocations=1 (full 0):
 garbage-first heap   total 129024K, used 85561K [0x0000000080000000, 0x0000000100000000)
  region size 1024K, 75 young (76800K), 3 survivors (3072K)
 Metaspace       used 17886K, capacity 18253K, committed 18432K, reserved 532480K
  class space    used 2098K, capacity 2243K, committed 2304K, reserved 516096K
}
Event: 18.149 GC heap after
{Heap after GC invocations=2 (full 0):
 garbage-first heap   total 129024K, used 18279K [0x0000000080000000, 0x0000000100000000)
  region size 1024K, 10 young (10240K), 10 survivors (10240K)
 Metaspace       used 17886K, capacity 18253K, committed 18432K, reserved 532480K
  class space    used 2098K, capacity 2243K, committed 2304K, reserved 516096K
}
Event: 19.369 GC heap before
{Heap before GC invocations=2 (full 0):
 garbage-first heap   total 129024K, used 40807K [0x0000000080000000, 0x0000000100000000)
  region size 1024K, 33 young (33792K), 10 survivors (10240K)
 Metaspace       used 20810K, capacity 21219K, committed 21296K, reserved 536576K
  class space    used 2525K, capacity 2687K, committed 2688K, reserved 516096K
}
Event: 19.378 GC heap after
{Heap after GC invocations=3 (full 0):
 garbage-first heap   total 129024K, used 18674K [0x0000000080000000, 0x0000000100000000)
  region size 1024K, 1 young (1024K), 1 survivors (1024K)
 Metaspace       used 20810K, capacity 21219K, committed 21296K, reserved 536576K
  class space    used 2525K, capacity 2687K, committed 2688K, reserved 516096K
}
Event: 20.291 GC heap before
{Heap before GC invocations=4 (full 0):
 garbage-first heap   total 129024K, used 64754K [0x0000000080000000, 0x0000000100000000)
  region size 1024K, 47 young (48128K), 1 survivors (1024K)
 Metaspace       used 24701K, capacity 25322K, committed 25468K, reserved 538624K
  class space    used 3183K, capacity 3420K, committed 3532K, reserved 516096K
}
Event: 20.295 GC heap after
{Heap after GC invocations=5 (full 0):
 garbage-first heap   total 129024K, used 20126K [0x0000000080000000, 0x0000000100000000)
  region size 1024K, 3 young (3072K), 3 survivors (3072K)
 Metaspace       used 24701K, capacity 25322K, committed 25468K, reserved 538624K
  class space    used 3183K, capacity 3420K, committed 3532K, reserved 516096K
}
Event: 21.983 GC heap before
{Heap before GC invocations=5 (full 0):
 garbage-first heap   total 129024K, used 71326K [0x0000000080000000, 0x0000000100000000)
  region size 1024K, 54 young (55296K), 3 survivors (3072K)
 Metaspace       used 29559K, capacity 30331K, committed 30588K, reserved 542720K
  class space    used 3943K, capacity 4247K, committed 4300K, reserved 516096K
}
Event: 21.989 GC heap after
{Heap after GC invocations=6 (full 0):
 garbage-first heap   total 129024K, used 21972K [0x0000000080000000, 0x0000000100000000)
  region size 1024K, 5 young (5120K), 5 survivors (5120K)
 Metaspace       used 29559K, capacity 30331K, committed 30588K, reserved 542720K
  class space    used 3943K, capacity 4247K, committed 4300K, reserved 516096K
}

